<?xml version="1.0" encoding="UTF-8" ?>
<testsuite failures="0" time="1.363" errors="0" skipped="0" tests="1" name="be.appify.stereotype.persistence.jpa.JPAPersistenceTest">
  <properties>
    <property name="java.runtime.name" value="Java(TM) SE Runtime Environment"/>
    <property name="sun.boot.library.path" value="C:\Program Files\Java\jre7\bin"/>
    <property name="java.vm.version" value="22.0-b10"/>
    <property name="user.country.format" value="BE"/>
    <property name="java.vm.vendor" value="Oracle Corporation"/>
    <property name="java.vendor.url" value="http://java.oracle.com/"/>
    <property name="path.separator" value=";"/>
    <property name="java.vm.name" value="Java HotSpot(TM) 64-Bit Server VM"/>
    <property name="file.encoding.pkg" value="sun.io"/>
    <property name="user.script" value=""/>
    <property name="user.country" value="US"/>
    <property name="sun.java.launcher" value="SUN_STANDARD"/>
    <property name="sun.os.patch.level" value=""/>
    <property name="java.vm.specification.name" value="Java Virtual Machine Specification"/>
    <property name="user.dir" value="D:\dev\3rd-party\stereotype-framework\stereotype-persistence-jpa"/>
    <property name="java.runtime.version" value="1.7.0_02-b13"/>
    <property name="java.awt.graphicsenv" value="sun.awt.Win32GraphicsEnvironment"/>
    <property name="basedir" value="D:\dev\3rd-party\stereotype-framework\stereotype-persistence-jpa"/>
    <property name="java.endorsed.dirs" value="C:\Program Files\Java\jre7\lib\endorsed"/>
    <property name="os.arch" value="amd64"/>
    <property name="surefire.real.class.path" value="D:\dev\3rd-party\stereotype-framework\stereotype-persistence-jpa\target\surefire\surefirebooter1300898701331676891.jar"/>
    <property name="java.io.tmpdir" value="D:\Users\stijn\AppData\Local\Temp\"/>
    <property name="line.separator" value="
"/>
    <property name="java.vm.specification.vendor" value="Oracle Corporation"/>
    <property name="user.variant" value=""/>
    <property name="os.name" value="Windows 7"/>
    <property name="sun.jnu.encoding" value="Cp1252"/>
    <property name="java.library.path" value="C:\Program Files\Java\jre7\bin;C:\Windows\Sun\Java\bin;C:\Windows\system32;C:\Windows;C:/Program Files/Java/jre7/bin/server;C:/Program Files/Java/jre7/bin;C:/Program Files/Java/jre7/lib/amd64;C:\Software\Oracle10\bin;C:\Windows\system32;C:\Windows;C:\Windows\System32\Wbem;C:\Windows\System32\WindowsPowerShell\v1.0\;C:\Program Files\WIDCOMM\Bluetooth Software\;C:\Program Files\WIDCOMM\Bluetooth Software\syswow64;C:\Program Files\Intel\WiFi\bin\;C:\Program Files\Common Files\Intel\WirelessCommon\;C:\Program Files (x86)\Common Files\Roxio Shared\DLLShared\;C:\Program Files (x86)\Common Files\Roxio Shared\10.0\DLLShared\;C:\Program Files (x86)\apache-maven-2.2.1\bin;D:\Users\axmpl\tools\java\1.6.0_20-AP-1.2.6\bin;C:\Program Files (x86)\Belgium Identity Card;D:\Users\axmpl\workspaces\lov\mvn_commands;C:\Program Files\TortoiseSVN\bin;C:\Program Files\SlikSvn\bin\;D:\dev\eclipse;;."/>
    <property name="surefire.test.class.path" value="D:\dev\3rd-party\stereotype-framework\stereotype-persistence-jpa\target\test-classes;D:\dev\3rd-party\stereotype-framework\stereotype-persistence-jpa\target\classes;D:\dev\3rd-party\stereotype-framework\stereotype-core\target\stereotype-core-0.0.1-SNAPSHOT.jar;D:\Users\stijn\.m2\repository\com\google\guava\guava\11.0.2\guava-11.0.2.jar;D:\Users\stijn\.m2\repository\com\google\code\findbugs\jsr305\1.3.9\jsr305-1.3.9.jar;D:\Users\stijn\.m2\repository\commons-beanutils\commons-beanutils\1.8.3\commons-beanutils-1.8.3.jar;D:\Users\stijn\.m2\repository\commons-logging\commons-logging\1.1.1\commons-logging-1.1.1.jar;D:\Users\stijn\.m2\repository\commons-lang\commons-lang\2.6\commons-lang-2.6.jar;D:\Users\stijn\.m2\repository\org\slf4j\slf4j-api\1.6.5\slf4j-api-1.6.5.jar;D:\Users\stijn\.m2\repository\ch\qos\cal10n\cal10n-api\0.7.2\cal10n-api-0.7.2.jar;D:\Users\stijn\.m2\repository\javax\inject\javax.inject\1\javax.inject-1.jar;D:\Users\stijn\.m2\repository\org\hibernate\java-persistence\jpa-api\2.0-cr-1\jpa-api-2.0-cr-1.jar;D:\Users\stijn\.m2\repository\org\hibernate\hibernate-entitymanager\3.5.4-Final\hibernate-entitymanager-3.5.4-Final.jar;D:\Users\stijn\.m2\repository\org\hibernate\hibernate-core\3.5.4-Final\hibernate-core-3.5.4-Final.jar;D:\Users\stijn\.m2\repository\antlr\antlr\2.7.6\antlr-2.7.6.jar;D:\Users\stijn\.m2\repository\commons-collections\commons-collections\3.1\commons-collections-3.1.jar;D:\Users\stijn\.m2\repository\dom4j\dom4j\1.6.1\dom4j-1.6.1.jar;D:\Users\stijn\.m2\repository\xml-apis\xml-apis\1.0.b2\xml-apis-1.0.b2.jar;D:\Users\stijn\.m2\repository\javax\transaction\jta\1.1\jta-1.1.jar;D:\Users\stijn\.m2\repository\org\hibernate\hibernate-annotations\3.5.4-Final\hibernate-annotations-3.5.4-Final.jar;D:\Users\stijn\.m2\repository\org\hibernate\hibernate-commons-annotations\3.2.0.Final\hibernate-commons-annotations-3.2.0.Final.jar;D:\Users\stijn\.m2\repository\cglib\cglib\2.2\cglib-2.2.jar;D:\Users\stijn\.m2\repository\asm\asm\3.1\asm-3.1.jar;D:\Users\stijn\.m2\repository\javassist\javassist\3.9.0.GA\javassist-3.9.0.GA.jar;D:\Users\stijn\.m2\repository\org\hibernate\javax\persistence\hibernate-jpa-2.0-api\1.0.0.Final\hibernate-jpa-2.0-api-1.0.0.Final.jar;D:\Users\stijn\.m2\repository\org\hsqldb\hsqldb\2.2.8\hsqldb-2.2.8.jar;D:\Users\stijn\.m2\repository\junit\junit\4.10\junit-4.10.jar;D:\Users\stijn\.m2\repository\org\hamcrest\hamcrest-core\1.1\hamcrest-core-1.1.jar;D:\Users\stijn\.m2\repository\org\mockito\mockito-all\1.9.0\mockito-all-1.9.0.jar;"/>
    <property name="java.specification.name" value="Java Platform API Specification"/>
    <property name="java.class.version" value="51.0"/>
    <property name="sun.management.compiler" value="HotSpot 64-Bit Tiered Compilers"/>
    <property name="os.version" value="6.1"/>
    <property name="user.home" value="D:\Users\stijn"/>
    <property name="user.timezone" value="Europe/Paris"/>
    <property name="java.awt.printerjob" value="sun.awt.windows.WPrinterJob"/>
    <property name="java.specification.version" value="1.7"/>
    <property name="file.encoding" value="Cp1252"/>
    <property name="user.name" value="stijn"/>
    <property name="java.class.path" value="D:\dev\3rd-party\stereotype-framework\stereotype-persistence-jpa\target\test-classes;D:\dev\3rd-party\stereotype-framework\stereotype-persistence-jpa\target\classes;D:\dev\3rd-party\stereotype-framework\stereotype-core\target\stereotype-core-0.0.1-SNAPSHOT.jar;D:\Users\stijn\.m2\repository\com\google\guava\guava\11.0.2\guava-11.0.2.jar;D:\Users\stijn\.m2\repository\com\google\code\findbugs\jsr305\1.3.9\jsr305-1.3.9.jar;D:\Users\stijn\.m2\repository\commons-beanutils\commons-beanutils\1.8.3\commons-beanutils-1.8.3.jar;D:\Users\stijn\.m2\repository\commons-logging\commons-logging\1.1.1\commons-logging-1.1.1.jar;D:\Users\stijn\.m2\repository\commons-lang\commons-lang\2.6\commons-lang-2.6.jar;D:\Users\stijn\.m2\repository\org\slf4j\slf4j-api\1.6.5\slf4j-api-1.6.5.jar;D:\Users\stijn\.m2\repository\ch\qos\cal10n\cal10n-api\0.7.2\cal10n-api-0.7.2.jar;D:\Users\stijn\.m2\repository\javax\inject\javax.inject\1\javax.inject-1.jar;D:\Users\stijn\.m2\repository\org\hibernate\java-persistence\jpa-api\2.0-cr-1\jpa-api-2.0-cr-1.jar;D:\Users\stijn\.m2\repository\org\hibernate\hibernate-entitymanager\3.5.4-Final\hibernate-entitymanager-3.5.4-Final.jar;D:\Users\stijn\.m2\repository\org\hibernate\hibernate-core\3.5.4-Final\hibernate-core-3.5.4-Final.jar;D:\Users\stijn\.m2\repository\antlr\antlr\2.7.6\antlr-2.7.6.jar;D:\Users\stijn\.m2\repository\commons-collections\commons-collections\3.1\commons-collections-3.1.jar;D:\Users\stijn\.m2\repository\dom4j\dom4j\1.6.1\dom4j-1.6.1.jar;D:\Users\stijn\.m2\repository\xml-apis\xml-apis\1.0.b2\xml-apis-1.0.b2.jar;D:\Users\stijn\.m2\repository\javax\transaction\jta\1.1\jta-1.1.jar;D:\Users\stijn\.m2\repository\org\hibernate\hibernate-annotations\3.5.4-Final\hibernate-annotations-3.5.4-Final.jar;D:\Users\stijn\.m2\repository\org\hibernate\hibernate-commons-annotations\3.2.0.Final\hibernate-commons-annotations-3.2.0.Final.jar;D:\Users\stijn\.m2\repository\cglib\cglib\2.2\cglib-2.2.jar;D:\Users\stijn\.m2\repository\asm\asm\3.1\asm-3.1.jar;D:\Users\stijn\.m2\repository\javassist\javassist\3.9.0.GA\javassist-3.9.0.GA.jar;D:\Users\stijn\.m2\repository\org\hibernate\javax\persistence\hibernate-jpa-2.0-api\1.0.0.Final\hibernate-jpa-2.0-api-1.0.0.Final.jar;D:\Users\stijn\.m2\repository\org\hsqldb\hsqldb\2.2.8\hsqldb-2.2.8.jar;D:\Users\stijn\.m2\repository\junit\junit\4.10\junit-4.10.jar;D:\Users\stijn\.m2\repository\org\hamcrest\hamcrest-core\1.1\hamcrest-core-1.1.jar;D:\Users\stijn\.m2\repository\org\mockito\mockito-all\1.9.0\mockito-all-1.9.0.jar;"/>
    <property name="java.vm.specification.version" value="1.7"/>
    <property name="sun.arch.data.model" value="64"/>
    <property name="java.home" value="C:\Program Files\Java\jre7"/>
    <property name="sun.java.command" value="D:\dev\3rd-party\stereotype-framework\stereotype-persistence-jpa\target\surefire\surefirebooter1300898701331676891.jar D:\dev\3rd-party\stereotype-framework\stereotype-persistence-jpa\target\surefire\surefire7967810452471769559tmp D:\dev\3rd-party\stereotype-framework\stereotype-persistence-jpa\target\surefire\surefire7266902130432975236tmp"/>
    <property name="java.specification.vendor" value="Oracle Corporation"/>
    <property name="user.language" value="en"/>
    <property name="user.language.format" value="nl"/>
    <property name="awt.toolkit" value="sun.awt.windows.WToolkit"/>
    <property name="java.vm.info" value="mixed mode"/>
    <property name="java.version" value="1.7.0_02"/>
    <property name="java.ext.dirs" value="C:\Program Files\Java\jre7\lib\ext;C:\Windows\Sun\Java\lib\ext"/>
    <property name="sun.boot.class.path" value="C:\Program Files\Java\jre7\lib\resources.jar;C:\Program Files\Java\jre7\lib\rt.jar;C:\Program Files\Java\jre7\lib\sunrsasign.jar;C:\Program Files\Java\jre7\lib\jsse.jar;C:\Program Files\Java\jre7\lib\jce.jar;C:\Program Files\Java\jre7\lib\charsets.jar;C:\Program Files\Java\jre7\classes"/>
    <property name="java.vendor" value="Oracle Corporation"/>
    <property name="localRepository" value="D:\Users\stijn\.m2\repository"/>
    <property name="file.separator" value="\"/>
    <property name="java.vendor.url.bug" value="http://bugreport.sun.com/bugreport/"/>
    <property name="sun.cpu.endian" value="little"/>
    <property name="sun.io.unicode.encoding" value="UnicodeLittle"/>
    <property name="sun.desktop" value="windows"/>
    <property name="sun.cpu.isalist" value="amd64"/>
  </properties>
  <testcase time="1.319" classname="be.appify.stereotype.persistence.jpa.JPAPersistenceTest" name="saveShouldStoreBean"/>
</testsuite>